<?xml version="1.0" encoding="UTF-8"?>
<!-- Generated by org.testng.reporters.JUnitXMLReporter -->
<testsuite ignored="0" hostname="LAPTOP-1HLOK9U5" failures="0" tests="4" name="Default test" time="0.132" errors="0" timestamp="2023-09-05T10:55:25 IST">
  <testcase classname="day07.Program02" name="testcase05" time="0.029"/>
  <testcase classname="day07.Program02" name="testcase06" time="0.004"/>
  <testcase classname="day07.Program02" name="testcase07" time="0.003"/>
  <testcase classname="day07.Program02" name="testcase08" time="0.01"/>
</testsuite> <!-- Default test -->
