<?xml version="1.0" encoding="UTF-8"?>
<testng-results ignored="0" total="4" passed="4" failed="0" skipped="0">
  <reporter-output>
  </reporter-output>
  <suite started-at="2023-09-05T10:55:25 IST" name="Default suite" finished-at="2023-09-05T10:55:25 IST" duration-ms="132">
    <groups>
      <group name="testabc">
        <method signature="Program02.testcase05()[pri:0, instance:day07.Program02@6eda5c9]" name="testcase05" class="day07.Program02"/>
        <method signature="Program02.testcase07()[pri:0, instance:day07.Program02@6eda5c9]" name="testcase07" class="day07.Program02"/>
        <method signature="Program02.testcase08()[pri:0, instance:day07.Program02@6eda5c9]" name="testcase08" class="day07.Program02"/>
      </group> <!-- testabc -->
    </groups>
    <test started-at="2023-09-05T10:55:25 IST" name="Default test" finished-at="2023-09-05T10:55:25 IST" duration-ms="132">
      <class name="day07.Program02">
        <test-method signature="testcase05()[pri:0, instance:day07.Program02@6eda5c9]" started-at="2023-09-05T10:55:25 IST" name="testcase05" finished-at="2023-09-05T10:55:25 IST" duration-ms="29" status="PASS">
          <reporter-output>
          </reporter-output>
        </test-method> <!-- testcase05 -->
        <test-method signature="testcase06()[pri:0, instance:day07.Program02@6eda5c9]" started-at="2023-09-05T10:55:25 IST" name="testcase06" finished-at="2023-09-05T10:55:25 IST" duration-ms="4" status="PASS">
          <reporter-output>
          </reporter-output>
        </test-method> <!-- testcase06 -->
        <test-method signature="testcase07()[pri:0, instance:day07.Program02@6eda5c9]" started-at="2023-09-05T10:55:25 IST" name="testcase07" finished-at="2023-09-05T10:55:25 IST" duration-ms="3" status="PASS">
          <reporter-output>
          </reporter-output>
        </test-method> <!-- testcase07 -->
        <test-method signature="testcase08()[pri:0, instance:day07.Program02@6eda5c9]" started-at="2023-09-05T10:55:25 IST" name="testcase08" finished-at="2023-09-05T10:55:25 IST" duration-ms="10" status="PASS">
          <reporter-output>
          </reporter-output>
        </test-method> <!-- testcase08 -->
      </class> <!-- day07.Program02 -->
    </test> <!-- Default test -->
  </suite> <!-- Default suite -->
</testng-results>
